2025-10-16 08:41:08,826 - INFO - プログラム 'サンプルプログラム1' を管理対象に追加しました
2025-10-16 08:41:08,858 - INFO - プログラム 'サンプルプログラム2' を管理対象に追加しました
2025-10-16 08:43:04,151 - INFO - プログラム 'サンプルプログラム1' を管理対象に追加しました
2025-10-16 08:43:04,166 - INFO - プログラム 'サンプルプログラム2' を管理対象に追加しました
2025-10-16 08:43:05,525 - INFO - プログラム 'サンプルプログラム1' を管理対象に追加しました
2025-10-16 08:43:05,541 - INFO - プログラム 'サンプルプログラム2' を管理対象に追加しました
2025-10-16 08:43:10,315 - ERROR - プログラム 'サンプルプログラム1' の起動に失敗しました: [WinError 2] 指定されたファイルが見つかりません。
2025-10-16 08:43:35,469 - INFO - プログラム 'サンプルプログラム1' を管理対象に追加しました
2025-10-16 08:43:35,473 - INFO - プログラム 'サンプルプログラム2' を管理対象に追加しました
2025-10-16 08:43:36,657 - INFO - プログラム 'サンプルプログラム1' を起動しました (PID: 11004)
2025-10-16 08:43:44,241 - INFO - プログラム 'サンプルプログラム1' を起動しました (PID: 13152)
2025-10-16 08:45:09,221 - INFO - プログラム 'サンプルプログラム1' を起動しました (PID: 7288)
2025-10-16 08:45:27,811 - INFO - プログラム 'サンプルプログラム1' を正常終了しました
2025-10-16 08:46:22,593 - INFO - プログラム 'サンプルプログラム1' を起動しました (PID: 10620)
2025-10-16 08:46:56,023 - INFO - プログラム 'サンプルプログラム1' を正常終了しました
2025-10-16 08:48:20,384 - INFO - プログラム 'サンプルプログラム1' を起動しました (PID: 3956)
2025-10-16 08:49:51,843 - INFO - プログラム 'サンプルプログラム1' を起動しました (PID: 25728)
2025-10-16 08:49:54,998 - INFO - プログラム 'サンプルプログラム1' を起動しました (PID: 9704)
2025-10-16 08:51:12,259 - INFO - プログラム 'サンプルプログラム1' を起動しました (PID: 13376)
2025-10-16 08:51:14,948 - INFO - プログラム 'サンプルプログラム1' を正常終了しました
2025-10-16 08:52:01,446 - WARNING - プログラム 'サンプルプログラム1' は起動していません
2025-10-16 08:52:01,446 - WARNING - プログラム 'サンプルプログラム2' は起動していません
